********************************************************************************
DUPLICATOR-LITE PACKAGE-LOG: December 18, 2019 4:14 pm
NOTICE: Do NOT post to public sites or forums 
********************************************************************************
VERSION:	1.3.24
WORDPRESS:	5.3.1
PHP INFO:	7.1.8 | SAPI: apache2handler
SERVER:		Apache/2.4.27 (Win32) OpenSSL/1.0.2l PHP/7.1.8 
PHP TIME LIMIT: (0) no time limit imposed 
PHP MAX MEMORY: 4294967296 (1024M default) 
MEMORY STACK: 2MB

********************************************************************************
DATABASE:
********************************************************************************
BUILD MODE:   MYSQLDUMP
MYSQLTIMEOUT: 5000
MYSQLDUMP:    Is Supported
SQL CREATED: 20191218_logo_e51b81a2398483da1454_20191218161217_database.sql
SQL FILE SIZE: 889.6KB (910951)
SQL FILE TIME: 2019-12-18 16:14:38
SQL RUNTIME: 2.58 sec.

********************************************************************************
ARCHIVE (ZIP):
********************************************************************************
ARCHIVE DIR:  C:/xampp/htdocs/glosstest
ARCHIVE FILE: 20191218_logo_e51b81a2398483da1454_20191218161217_archive.zip
FILTERS: *OFF*
DIRS:
	not set
FILES:
	not set
EXTS:  not set
----------------------------------------
COMPRESSING
SIZE:	166.72MB
STATS:	Dirs 2,920 | Files 20,137
SQL ADDED: 20191218_logo_e51b81a2398483da1454_20191218161217_database.sql
ZipArchive Object
(
    [status] => 0
    [statusSys] => 0
    [numFiles] => 23057
    [filename] => C:\xampp\htdocs\glosstest\wp-snapshots\tmp\20191218_logo_e51b81a2398483da1454_20191218161217_archive.zip
    [comment] => 
)

FILE ADDED TO ZIP: 23056
COMPRESSION RESULT: '1'
COMPRESSED SIZE: 70.8MB
ARCHIVE RUNTIME: 224.42 sec.
MEMORY STACK: 10MB
building installer
add_extra_files1
add_extra_files2
add_extra_files3
add_extra_files4
Doing archive file check
add_extra_files5
add_extra_files6
add_extra_files8
Successfully opened zip C:/xampp/htdocs/glosstest/wp-snapshots/tmp/20191218_logo_e51b81a2398483da1454_20191218161217_archive.zip
Adding enhanced installer files to archive using ZipArchive
Installer files added to archive
Added to archive
After ziparchive close when adding installer

********************************************************************************
INTEGRITY CHECKS:
********************************************************************************
SQL FILE: 889.6KB
INSTALLER FILE: 60.52KB
ARCHIVE FILE: 72.23MB 
EXPECTED FILE/DIRECTORY COUNT: 23,057
ACTUAL FILE/DIRECTORY COUNT: 23,056
ARCHIVE CONSISTENCY TEST: Pass

********************************************************************************
RECORD ID:[1]
TOTAL PROCESS RUNTIME: 229.90 sec.
PEAK PHP MEMORY USED: 14MB
DONE PROCESSING => 20191218_logo December 18, 2019 4:18 pm

